<?xml version="1.0" encoding="UTF-8"?>
<testsuite name="mavlc.testing.AstCompareTest" tests="12" skipped="0" failures="0" errors="0" timestamp="2023-12-19T21:52:18" hostname="GOKUTOBASIC" time="0.684">
  <properties/>
  <testcase name="test[p2_public/task_1/compound_2]" classname="mavlc.testing.AstCompareTest" time="0.482"/>
  <testcase name="test[p2_public/task_1/compound_4]" classname="mavlc.testing.AstCompareTest" time="0.027"/>
  <testcase name="test[p2_public/task_2/assign_2]" classname="mavlc.testing.AstCompareTest" time="0.025"/>
  <testcase name="test[p2_public/task_2/assign_5]" classname="mavlc.testing.AstCompareTest" time="0.015"/>
  <testcase name="test[p2_public/task_2/assign_6]" classname="mavlc.testing.AstCompareTest" time="0.016"/>
  <testcase name="test[p2_public/task_3/const_expr_2]" classname="mavlc.testing.AstCompareTest" time="0.015"/>
  <testcase name="test[p2_public/task_3/const_expr_3]" classname="mavlc.testing.AstCompareTest" time="0.014"/>
  <testcase name="test[p2_public/task_4/transpose_3]" classname="mavlc.testing.AstCompareTest" time="0.017"/>
  <testcase name="test[p2_public/task_5/for_loop_5]" classname="mavlc.testing.AstCompareTest" time="0.019"/>
  <testcase name="test[p2_public/task_5/for_loop_6]" classname="mavlc.testing.AstCompareTest" time="0.015"/>
  <testcase name="test[p2_public/task_6/call_1]" classname="mavlc.testing.AstCompareTest" time="0.013"/>
  <testcase name="test[p2_public/task_6/call_2]" classname="mavlc.testing.AstCompareTest" time="0.016"/>
  <system-out><![CDATA[=== Running test case p2_public/task_1/compound_2 ===


=== Test case p2_public/task_1/compound_2 finished successfully ===

=== Running test case p2_public/task_1/compound_4 ===


=== Test case p2_public/task_1/compound_4 finished successfully ===

=== Running test case p2_public/task_2/assign_2 ===


=== Test case p2_public/task_2/assign_2 finished successfully ===

=== Running test case p2_public/task_2/assign_5 ===


=== Test case p2_public/task_2/assign_5 finished successfully ===

=== Running test case p2_public/task_2/assign_6 ===


=== Test case p2_public/task_2/assign_6 finished successfully ===

=== Running test case p2_public/task_3/const_expr_2 ===


=== Test case p2_public/task_3/const_expr_2 finished successfully ===

=== Running test case p2_public/task_3/const_expr_3 ===


=== Test case p2_public/task_3/const_expr_3 finished successfully ===

=== Running test case p2_public/task_4/transpose_3 ===


=== Test case p2_public/task_4/transpose_3 finished successfully ===

=== Running test case p2_public/task_5/for_loop_5 ===


=== Test case p2_public/task_5/for_loop_5 finished successfully ===

=== Running test case p2_public/task_5/for_loop_6 ===


=== Test case p2_public/task_5/for_loop_6 finished successfully ===

=== Running test case p2_public/task_6/call_1 ===


=== Test case p2_public/task_6/call_1 finished successfully ===

=== Running test case p2_public/task_6/call_2 ===


=== Test case p2_public/task_6/call_2 finished successfully ===

]]></system-out>
  <system-err><![CDATA[]]></system-err>
</testsuite>
