<?xml version="1.0" encoding="UTF-8"?>
<testsuite name="mavlc.testing.ErrorCompareTest" tests="8" skipped="0" failures="0" errors="0" timestamp="2023-12-19T21:52:19" hostname="GOKUTOBASIC" time="0.106">
  <properties/>
  <testcase name="test[p2_public/task_1/compound_err_2]" classname="mavlc.testing.ErrorCompareTest" time="0.017"/>
  <testcase name="test[p2_public/task_2/assign_err_1]" classname="mavlc.testing.ErrorCompareTest" time="0.012"/>
  <testcase name="test[p2_public/task_2/assign_err_2]" classname="mavlc.testing.ErrorCompareTest" time="0.01"/>
  <testcase name="test[p2_public/task_2/assign_err_5]" classname="mavlc.testing.ErrorCompareTest" time="0.011"/>
  <testcase name="test[p2_public/task_4/matrix_err_3]" classname="mavlc.testing.ErrorCompareTest" time="0.016"/>
  <testcase name="test[p2_public/task_4/matrix_err_4]" classname="mavlc.testing.ErrorCompareTest" time="0.011"/>
  <testcase name="test[p2_public/task_5/for_loop_err_3]" classname="mavlc.testing.ErrorCompareTest" time="0.012"/>
  <testcase name="test[p2_public/task_6/call_err_3]" classname="mavlc.testing.ErrorCompareTest" time="0.012"/>
  <system-out><![CDATA[=== Running test case p2_public/task_1/compound_err_2 ===


=== Test case p2_public/task_1/compound_err_2 finished successfully ===

=== Running test case p2_public/task_2/assign_err_1 ===


=== Test case p2_public/task_2/assign_err_1 finished successfully ===

=== Running test case p2_public/task_2/assign_err_2 ===


=== Test case p2_public/task_2/assign_err_2 finished successfully ===

=== Running test case p2_public/task_2/assign_err_5 ===


=== Test case p2_public/task_2/assign_err_5 finished successfully ===

=== Running test case p2_public/task_4/matrix_err_3 ===


=== Test case p2_public/task_4/matrix_err_3 finished successfully ===

=== Running test case p2_public/task_4/matrix_err_4 ===


=== Test case p2_public/task_4/matrix_err_4 finished successfully ===

=== Running test case p2_public/task_5/for_loop_err_3 ===


=== Test case p2_public/task_5/for_loop_err_3 finished successfully ===

=== Running test case p2_public/task_6/call_err_3 ===


=== Test case p2_public/task_6/call_err_3 finished successfully ===

]]></system-out>
  <system-err><![CDATA[]]></system-err>
</testsuite>
